/*------------*/


Map By th3_king 
Name:ze_snow_2_dp
Discord:th3_king#9999

 M3rLiN 
DeepTecн
PISAGORAMA
Multipower
ScarletWitch
Grim
Dex Dz
Demon

/*------------*/
For DarkProfessional

Discord: discord.gg/Fv4acSB

Youtube Dp: youtube.com/DarkProfessional

FaceBook: facebook.com/darkprofessionall

M3rln: youtube.com/M3rLiNGaminG1

Multi: youtube.com/LGMultipowerCS

deeptech: youtube.com/channel/UCK5f_RX-jbudI8dQYPgNR4A

Pisa: youtube.com/channel/UC2O8LCmyuMBoOZbmT_Nz9_w

<3

/*------------*/


EnJoY Playing :)

